2015/08/05 01:45:19 [error] [exception.CException] exception 'CException' with message 'The asset "P:\home\albatross\www\protected/protected/assets/js" to be published does not exist.' in P:\home\albatross\www\framework\web\CAssetManager.php:257
Stack trace:
#0 P:\home\albatross\www\protected\controllers\UrlController.php(8): CAssetManager->publish('P:\home\albatro...')
#1 P:\home\albatross\www\framework\web\actions\CInlineAction.php(49): UrlController->actionIndex()
#2 P:\home\albatross\www\framework\web\CController.php(308): CInlineAction->runWithParams(Array)
#3 P:\home\albatross\www\framework\web\CController.php(286): CController->runAction(Object(CInlineAction))
#4 P:\home\albatross\www\framework\web\CController.php(265): CController->runActionWithFilters(Object(CInlineAction), Array)
#5 P:\home\albatross\www\framework\web\CWebApplication.php(282): CController->run('')
#6 P:\home\albatross\www\framework\web\CWebApplication.php(141): CWebApplication->runController('url')
#7 P:\home\albatross\www\framework\base\CApplication.php(184): CWebApplication->processRequest()
#8 P:\home\albatross\www\index.php(13): CApplication->run()
#9 {main}
REQUEST_URI=/index.php?r=url
---
2015/08/06 01:04:31 [error] [exception.CException] exception 'CException' with message 'UrlController cannot find the requested view "short".' in P:\home\albatross\www\framework\web\CController.php:878
Stack trace:
#0 P:\home\albatross\www\framework\web\CController.php(782): CController->renderPartial('short', NULL, true)
#1 P:\home\albatross\www\protected\controllers\UrlController.php(23): CController->render('short')
#2 P:\home\albatross\www\framework\web\actions\CInlineAction.php(49): UrlController->actionShort()
#3 P:\home\albatross\www\framework\web\CController.php(308): CInlineAction->runWithParams(Array)
#4 P:\home\albatross\www\framework\web\CController.php(286): CController->runAction(Object(CInlineAction))
#5 P:\home\albatross\www\framework\web\CController.php(265): CController->runActionWithFilters(Object(CInlineAction), Array)
#6 P:\home\albatross\www\framework\web\CWebApplication.php(282): CController->run('short')
#7 P:\home\albatross\www\framework\web\CWebApplication.php(141): CWebApplication->runController('url/short')
#8 P:\home\albatross\www\framework\base\CApplication.php(184): CWebApplication->processRequest()
#9 P:\home\albatross\www\index.php(13): CApplication->run()
#10 {main}
REQUEST_URI=/index.php?r=url/short
---
2015/08/06 01:55:41 [error] [exception.CException] exception 'CException' with message 'Property "CDbCriteria.long_url" is not defined.' in P:\home\albatross\www\framework\base\CComponent.php:173
Stack trace:
#0 P:\home\albatross\www\framework\db\schema\CDbCriteria.php(160): CComponent->__set('long_url', 'http://www.goog...')
#1 P:\home\albatross\www\framework\db\schema\CDbCommandBuilder.php(588): CDbCriteria->__construct(Array)
#2 P:\home\albatross\www\framework\db\ar\CActiveRecord.php(1460): CDbCommandBuilder->createCriteria(Array, Array)
#3 P:\home\albatross\www\protected\controllers\UrlController.php(89): CActiveRecord->find(Array)
#4 P:\home\albatross\www\protected\controllers\UrlController.php(24): UrlController->checkUrlOnDB('http://www.goog...')
#5 [internal function]: UrlController->actionShort('http://www.goog...')
#6 P:\home\albatross\www\framework\web\actions\CAction.php(109): ReflectionMethod->invokeArgs(Object(UrlController), Array)
#7 P:\home\albatross\www\framework\web\actions\CInlineAction.php(47): CAction->runWithParamsInternal(Object(UrlController), Object(ReflectionMethod), Array)
#8 P:\home\albatross\www\framework\web\CController.php(308): CInlineAction->runWithParams(Array)
#9 P:\home\albatross\www\framework\web\CController.php(286): CController->runAction(Object(CInlineAction))
#10 P:\home\albatross\www\framework\web\CController.php(265): CController->runActionWithFilters(Object(CInlineAction), Array)
#11 P:\home\albatross\www\framework\web\CWebApplication.php(282): CController->run('short')
#12 P:\home\albatross\www\framework\web\CWebApplication.php(141): CWebApplication->runController('url/short')
#13 P:\home\albatross\www\framework\base\CApplication.php(184): CWebApplication->processRequest()
#14 P:\home\albatross\www\index.php(13): CApplication->run()
#15 {main}
REQUEST_URI=/index.php?r=url/short&&long_url=http%3A%2F%2Fwww.google.com%2Fcse%3Fcx%3Dpartner-pub-1445946809940784%3A3900067740%26ie%3DUTF-8%26q%3Dyii%2Bcurl%23gsc.tab%3D0%26gsc.q%3Dyii%2520curl%26gsc.page%3D1
HTTP_REFERER=http://albatross/index.php?r=url
---
2015/08/06 14:00:54 [error] [exception.CException] exception 'CException' with message 'UrlController cannot find the requested view "short".' in P:\home\albatross\www\framework\web\CController.php:878
Stack trace:
#0 P:\home\albatross\www\protected\controllers\UrlController.php(40): CController->renderPartial('short', Array)
#1 [internal function]: UrlController->actionShort('https://mail.ya...')
#2 P:\home\albatross\www\framework\web\actions\CAction.php(109): ReflectionMethod->invokeArgs(Object(UrlController), Array)
#3 P:\home\albatross\www\framework\web\actions\CInlineAction.php(47): CAction->runWithParamsInternal(Object(UrlController), Object(ReflectionMethod), Array)
#4 P:\home\albatross\www\framework\web\CController.php(308): CInlineAction->runWithParams(Array)
#5 P:\home\albatross\www\framework\web\CController.php(286): CController->runAction(Object(CInlineAction))
#6 P:\home\albatross\www\framework\web\CController.php(265): CController->runActionWithFilters(Object(CInlineAction), Array)
#7 P:\home\albatross\www\framework\web\CWebApplication.php(282): CController->run('short')
#8 P:\home\albatross\www\framework\web\CWebApplication.php(141): CWebApplication->runController('url/short')
#9 P:\home\albatross\www\framework\base\CApplication.php(184): CWebApplication->processRequest()
#10 P:\home\albatross\www\index.php(13): CApplication->run()
#11 {main}
REQUEST_URI=/index.php?r=url/short&&long_url=https%3A%2F%2Fmail.yandex.ru%2Fneo2%2F%23inbox
HTTP_REFERER=http://albatross/index.php?r=url
---
2015/08/06 15:03:32 [error] [exception.CException] exception 'CException' with message 'Property "CDbCriteria.short_url" is not defined.' in P:\home\albatross\www\framework\base\CComponent.php:173
Stack trace:
#0 P:\home\albatross\www\framework\db\schema\CDbCriteria.php(160): CComponent->__set('short_url', '83863b4c09416ea...')
#1 P:\home\albatross\www\framework\db\schema\CDbCommandBuilder.php(588): CDbCriteria->__construct(Array)
#2 P:\home\albatross\www\framework\db\ar\CActiveRecord.php(1460): CDbCommandBuilder->createCriteria(Array, Array)
#3 P:\home\albatross\www\protected\controllers\UrlController.php(23): CActiveRecord->find(Array)
#4 [internal function]: UrlController->actionRedirect('83863b4c09416ea...')
#5 P:\home\albatross\www\framework\web\actions\CAction.php(109): ReflectionMethod->invokeArgs(Object(UrlController), Array)
#6 P:\home\albatross\www\framework\web\actions\CInlineAction.php(47): CAction->runWithParamsInternal(Object(UrlController), Object(ReflectionMethod), Array)
#7 P:\home\albatross\www\framework\web\CController.php(308): CInlineAction->runWithParams(Array)
#8 P:\home\albatross\www\framework\web\CController.php(286): CController->runAction(Object(CInlineAction))
#9 P:\home\albatross\www\framework\web\CController.php(265): CController->runActionWithFilters(Object(CInlineAction), Array)
#10 P:\home\albatross\www\framework\web\CWebApplication.php(282): CController->run('redirect')
#11 P:\home\albatross\www\framework\web\CWebApplication.php(141): CWebApplication->runController('url/redirect')
#12 P:\home\albatross\www\framework\base\CApplication.php(184): CWebApplication->processRequest()
#13 P:\home\albatross\www\index.php(13): CApplication->run()
#14 {main}
REQUEST_URI=/url/redirect?short_url=83863b4c09416ea267aa2f4ae4bf7c23
HTTP_REFERER=http://albatross/url
---
